<?xml version="1.0" encoding="UTF-8"?>
<testsuite xmlns:xsi="http://www.w3.org/2001/XMLSchema-instance" xsi:noNamespaceSchemaLocation="https://maven.apache.org/surefire/maven-surefire-plugin/xsd/surefire-test-report-3.0.xsd" version="3.0" name="TestSuite" time="56.237" tests="2" errors="0" skipped="0" failures="0">
  <properties>
    <property name="java.specification.version" value="16"/>
    <property name="sun.cpu.isalist" value="amd64"/>
    <property name="sun.jnu.encoding" value="Cp1252"/>
    <property name="setPreserveOrder" value="true"/>
    <property name="skipTestsWithLinkedIssues" value="false"/>
    <property name="sun.arch.data.model" value="64"/>
    <property name="targetBrowserName" value="GoogleChrome"/>
    <property name="testDataFolderPath" value="src/test/resources/TestDataFiles/"/>
    <property name="java.vendor.url" value="https://java.oracle.com/"/>
    <property name="propertiesFolderPath_CI" value=""/>
    <property name="allureResultsFolderPath" value="allure-results/"/>
    <property name="sun.boot.library.path" value="C:\Program Files\Java\jdk-16.0.2\bin"/>
    <property name="sun.java.command" value="C:\Users\anash\AppData\Local\Temp\surefire5500063107289391594\surefirebooter4823971688076301894.jar C:\Users\anash\AppData\Local\Temp\surefire5500063107289391594 2021-09-05T11-31-50_508-jvmRun1 surefire6349721460848578149tmp surefire_0854653214862644080tmp"/>
    <property name="jdk.debug" value="release"/>
    <property name="screenshotParams_watermarkOpacity" value="0.2"/>
    <property name="maximumPerformanceMode" value="0"/>
    <property name="mobile_browserName" value=""/>
    <property name="autoMaximizeBrowserWindow" value="true"/>
    <property name="java.specification.vendor" value="Oracle Corporation"/>
    <property name="extentReportsFolderPath" value="extent-reports/"/>
    <property name="java.version.date" value="2021-07-20"/>
    <property name="shaftEngineVersion" value="SHAFT Engine v5.3.20210519"/>
    <property name="java.home" value="C:\Program Files\Java\jdk-16.0.2"/>
    <property name="testng.dtd.http" value="true"/>
    <property name="basedir" value="C:\Users\anash\Downloads\Selenium Setup\YaSchools-master\YaSchools-master"/>
    <property name="file.separator" value="\"/>
    <property name="alwaysLogDiscreetly" value="false"/>
    <property name="java.vm.compressedOopsMode" value="32-bit"/>
    <property name="line.separator" value="&#10;"/>
    <property name="java.vm.specification.vendor" value="Oracle Corporation"/>
    <property name="java.specification.name" value="Java Platform API Specification"/>
    <property name="testDataColumnNamePrefix" value="Data"/>
    <property name="video.save.mode" value="ALL"/>
    <property name="targetOperatingSystem" value="Windows-64"/>
    <property name="waitImplicitly" value="false"/>
    <property name="user.script" value=""/>
    <property name="propertiesFolderPath" value="src/test/resources/Properties/"/>
    <property name="sun.management.compiler" value="HotSpot 64-Bit Tiered Compilers"/>
    <property name="generateAllureReportArchive" value="false"/>
    <property name="java.runtime.version" value="16.0.2+7-67"/>
    <property name="headlessExecution" value="false"/>
    <property name="user.name" value="anash"/>
    <property name="watermarkImagePath" value="images/shaft_white_bg.png"/>
    <property name="screenshotParams_watermark" value="true"/>
    <property name="testSuiteFolderPath" value="src/test/resources/TestSuites/"/>
    <property name="file.encoding" value="Cp1252"/>
    <property name="forceCheckForElementVisibility" value="true"/>
    <property name="cleanExtentReportsDirectoryBeforeExecution" value="true"/>
    <property name="cleanAllureResultsDirectoryBeforeExecution" value="true"/>
    <property name="localRepository" value="C:\Users\anash\.m2\repository"/>
    <property name="java.io.tmpdir" value="C:\Users\anash\AppData\Local\Temp\"/>
    <property name="databaseNetworkTimeout" value="30"/>
    <property name="java.version" value="16.0.2"/>
    <property name="defaultElementIdentificationTimeout" value="5"/>
    <property name="java.vm.specification.name" value="Java Virtual Machine Specification"/>
    <property name="dockerCommandTimeout" value="30"/>
    <property name="databaseLoginTimeout" value="30"/>
    <property name="attemptsBeforeThrowingElementNotFoundException" value="5"/>
    <property name="sun.os.patch.level" value=""/>
    <property name="org.slf4j.simpleLogger.defaultLogLevel" value="info"/>
    <property name="implicitWaitTimeout" value="30"/>
    <property name="lazyLoadingTimeout" value="30"/>
    <property name="java.library.path" value="C:\Program Files\Java\jdk-16.0.2\bin;C:\Windows\Sun\Java\bin;C:\Windows\system32;C:\Windows;C:/Users/anash/Downloads/Selenium Setup/eclipse-jee-2021-06-R-win32-x86_64/eclipse//plugins/org.eclipse.justj.openjdk.hotspot.jre.full.win32.x86_64_16.0.1.v20210528-1205/jre/bin/server;C:/Users/anash/Downloads/Selenium Setup/eclipse-jee-2021-06-R-win32-x86_64/eclipse//plugins/org.eclipse.justj.openjdk.hotspot.jre.full.win32.x86_64_16.0.1.v20210528-1205/jre/bin;C:\Program Files\Common Files\Oracle\Java\javapath;C:\Program Files (x86)\Common Files\Oracle\Java\javapath;C:\Windows\system32;C:\Windows;C:\Windows\System32\Wbem;C:\Windows\System32\WindowsPowerShell\v1.0\;C:\Windows\System32\OpenSSH\;C:\Program Files\Microsoft SQL Server\130\Tools\Binn\;C:\Program Files\Git\cmd;C:\Program Files\dotnet\;C:\Users\anash\Downloads\Selenium Setup\apache-maven-3.8.1-bin\apache-maven-3.8.1\bin;C:\Users\anash\AppData\Local\Microsoft\WindowsApps;C:\Users\anash\.dotnet\tools;;C:\Users\anash\Downloads\Selenium Setup\eclipse-jee-2021-06-R-win32-x86_64\eclipse;;."/>
    <property name="java.vendor" value="Oracle Corporation"/>
    <property name="customDriverName" value=""/>
    <property name="sun.io.unicode.encoding" value="UnicodeLittle"/>
    <property name="executionAddress" value="local"/>
    <property name="apiConnectionManagerTimeout" value="30"/>
    <property name="browserObjectSingleton" value="false"/>
    <property name="waitForLazyLoading" value="true"/>
    <property name="cucumber.features" value="src/test/resources"/>
    <property name="screenshotParams_whenToTakeAScreenshot" value="ValidationPointsOnly"/>
    <property name="browserNavigationTimeout" value="30"/>
    <property name="mobile_platformName" value=""/>
    <property name="scriptExecutionTimeout" value="30"/>
    <property name="webdriver.chrome.driver" value="C:\Users\anash\Downloads\Selenium Setup\YaSchools-master\YaSchools-master/browsers/chromedriver.exe"/>
    <property name="screenshotParams_highlightElements" value="true"/>
    <property name="MobileBrowserVersion" value=""/>
    <property name="cucumber.extraGlue" value=""/>
    <property name="mobile_appPackage" value=""/>
    <property name="java.class.path" value="C:\Users\anash\Downloads\Selenium Setup\YaSchools-master\YaSchools-master\target\test-classes;C:\Users\anash\Downloads\Selenium Setup\YaSchools-master\YaSchools-master\target\classes;C:\Users\anash\.m2\repository\io\github\mohabmohie\SHAFT_ENGINE\5.3.20210621\SHAFT_ENGINE-5.3.20210621.jar;C:\Users\anash\.m2\repository\org\testng\testng\7.4.0\testng-7.4.0.jar;C:\Users\anash\.m2\repository\com\beust\jcommander\1.78\jcommander-1.78.jar;C:\Users\anash\.m2\repository\org\webjars\jquery\3.5.1\jquery-3.5.1.jar;C:\Users\anash\.m2\repository\org\seleniumhq\selenium\selenium-java\3.141.59\selenium-java-3.141.59.jar;C:\Users\anash\.m2\repository\org\seleniumhq\selenium\selenium-api\3.141.59\selenium-api-3.141.59.jar;C:\Users\anash\.m2\repository\org\seleniumhq\selenium\selenium-chrome-driver\3.141.59\selenium-chrome-driver-3.141.59.jar;C:\Users\anash\.m2\repository\org\seleniumhq\selenium\selenium-edge-driver\3.141.59\selenium-edge-driver-3.141.59.jar;C:\Users\anash\.m2\repository\org\seleniumhq\selenium\selenium-firefox-driver\3.141.59\selenium-firefox-driver-3.141.59.jar;C:\Users\anash\.m2\repository\org\seleniumhq\selenium\selenium-ie-driver\3.141.59\selenium-ie-driver-3.141.59.jar;C:\Users\anash\.m2\repository\org\seleniumhq\selenium\selenium-opera-driver\3.141.59\selenium-opera-driver-3.141.59.jar;C:\Users\anash\.m2\repository\org\seleniumhq\selenium\selenium-remote-driver\3.141.59\selenium-remote-driver-3.141.59.jar;C:\Users\anash\.m2\repository\org\seleniumhq\selenium\selenium-safari-driver\3.141.59\selenium-safari-driver-3.141.59.jar;C:\Users\anash\.m2\repository\org\seleniumhq\selenium\selenium-support\3.141.59\selenium-support-3.141.59.jar;C:\Users\anash\.m2\repository\net\bytebuddy\byte-buddy\1.8.15\byte-buddy-1.8.15.jar;C:\Users\anash\.m2\repository\org\apache\commons\commons-exec\1.3\commons-exec-1.3.jar;C:\Users\anash\.m2\repository\com\squareup\okhttp3\okhttp\3.11.0\okhttp-3.11.0.jar;C:\Users\anash\.m2\repository\com\squareup\okio\okio\1.14.0\okio-1.14.0.jar;C:\Users\anash\.m2\repository\com\microsoft\playwright\playwright\1.12.1\playwright-1.12.1.jar;C:\Users\anash\.m2\repository\com\google\code\gson\gson\2.8.6\gson-2.8.6.jar;C:\Users\anash\.m2\repository\org\java-websocket\Java-WebSocket\1.5.1\Java-WebSocket-1.5.1.jar;C:\Users\anash\.m2\repository\com\microsoft\playwright\driver\1.12.1\driver-1.12.1.jar;C:\Users\anash\.m2\repository\com\microsoft\playwright\driver-bundle\1.12.1\driver-bundle-1.12.1.jar;C:\Users\anash\.m2\repository\io\appium\java-client\7.5.1\java-client-7.5.1.jar;C:\Users\anash\.m2\repository\org\apache\httpcomponents\httpclient\4.5.13\httpclient-4.5.13.jar;C:\Users\anash\.m2\repository\org\apache\httpcomponents\httpcore\4.4.13\httpcore-4.4.13.jar;C:\Users\anash\.m2\repository\cglib\cglib\3.3.0\cglib-3.3.0.jar;C:\Users\anash\.m2\repository\org\ow2\asm\asm\7.1\asm-7.1.jar;C:\Users\anash\.m2\repository\commons-validator\commons-validator\1.7\commons-validator-1.7.jar;C:\Users\anash\.m2\repository\commons-beanutils\commons-beanutils\1.9.4\commons-beanutils-1.9.4.jar;C:\Users\anash\.m2\repository\commons-digester\commons-digester\2.1\commons-digester-2.1.jar;C:\Users\anash\.m2\repository\commons-collections\commons-collections\3.2.2\commons-collections-3.2.2.jar;C:\Users\anash\.m2\repository\org\apache\commons\commons-lang3\3.12.0\commons-lang3-3.12.0.jar;C:\Users\anash\.m2\repository\commons-io\commons-io\2.8.0\commons-io-2.8.0.jar;C:\Users\anash\.m2\repository\org\springframework\spring-context\5.3.4\spring-context-5.3.4.jar;C:\Users\anash\.m2\repository\org\springframework\spring-aop\5.3.4\spring-aop-5.3.4.jar;C:\Users\anash\.m2\repository\org\springframework\spring-beans\5.3.4\spring-beans-5.3.4.jar;C:\Users\anash\.m2\repository\org\springframework\spring-core\5.3.4\spring-core-5.3.4.jar;C:\Users\anash\.m2\repository\org\springframework\spring-jcl\5.3.4\spring-jcl-5.3.4.jar;C:\Users\anash\.m2\repository\org\springframework\spring-expression\5.3.4\spring-expression-5.3.4.jar;C:\Users\anash\.m2\repository\com\applitools\eyes-images-java4\4.14.0\eyes-images-java4-4.14.0.jar;C:\Users\anash\.m2\repository\com\applitools\eyes-common-java4\4.14.0\eyes-common-java4-4.14.0.jar;C:\Users\anash\.m2\repository\org\imgscalr\imgscalr-lib\4.2\imgscalr-lib-4.2.jar;C:\Users\anash\.m2\repository\org\brotli\dec\0.1.1\dec-0.1.1.jar;C:\Users\anash\.m2\repository\com\fasterxml\jackson\core\jackson-databind\2.9.10.1\jackson-databind-2.9.10.1.jar;C:\Users\anash\.m2\repository\com\fasterxml\jackson\core\jackson-annotations\2.9.10\jackson-annotations-2.9.10.jar;C:\Users\anash\.m2\repository\com\fasterxml\jackson\core\jackson-core\2.9.10\jackson-core-2.9.10.jar;C:\Users\anash\.m2\repository\com\helger\ph-css\6.1.1\ph-css-6.1.1.jar;C:\Users\anash\.m2\repository\com\helger\ph-commons\9.0.2\ph-commons-9.0.2.jar;C:\Users\anash\.m2\repository\com\applitools\eyes-sdk-core-java4\4.14.0\eyes-sdk-core-java4-4.14.0.jar;C:\Users\anash\.m2\repository\com\applitools\eyes-connectivity-java4-jersey2x\4.14.0\eyes-connectivity-java4-jersey2x-4.14.0.jar;C:\Users\anash\.m2\repository\org\glassfish\jersey\connectors\jersey-apache-connector\2.16\jersey-apache-connector-2.16.jar;C:\Users\anash\.m2\repository\org\glassfish\jersey\core\jersey-common\2.16\jersey-common-2.16.jar;C:\Users\anash\.m2\repository\javax\annotation\javax.annotation-api\1.2\javax.annotation-api-1.2.jar;C:\Users\anash\.m2\repository\org\glassfish\jersey\bundles\repackaged\jersey-guava\2.16\jersey-guava-2.16.jar;C:\Users\anash\.m2\repository\org\glassfish\hk2\osgi-resource-locator\1.0.1\osgi-resource-locator-1.0.1.jar;C:\Users\anash\.m2\repository\javax\ws\rs\javax.ws.rs-api\2.0.1\javax.ws.rs-api-2.0.1.jar;C:\Users\anash\.m2\repository\org\glassfish\jersey\core\jersey-client\2.16\jersey-client-2.16.jar;C:\Users\anash\.m2\repository\org\glassfish\hk2\hk2-api\2.4.0-b09\hk2-api-2.4.0-b09.jar;C:\Users\anash\.m2\repository\org\glassfish\hk2\hk2-utils\2.4.0-b09\hk2-utils-2.4.0-b09.jar;C:\Users\anash\.m2\repository\org\glassfish\hk2\external\aopalliance-repackaged\2.4.0-b09\aopalliance-repackaged-2.4.0-b09.jar;C:\Users\anash\.m2\repository\org\glassfish\hk2\external\javax.inject\2.4.0-b09\javax.inject-2.4.0-b09.jar;C:\Users\anash\.m2\repository\org\glassfish\hk2\hk2-locator\2.4.0-b09\hk2-locator-2.4.0-b09.jar;C:\Users\anash\.m2\repository\com\sikulix\sikulixapi\2.0.5\sikulixapi-2.0.5.jar;C:\Users\anash\.m2\repository\org\python\jython-slim\2.7.2\jython-slim-2.7.2.jar;C:\Users\anash\.m2\repository\org\antlr\antlr\3.5.2\antlr-3.5.2.jar;C:\Users\anash\.m2\repository\org\antlr\ST4\4.0.8\ST4-4.0.8.jar;C:\Users\anash\.m2\repository\javax\servlet\javax.servlet-api\3.1.0\javax.servlet-api-3.1.0.jar;C:\Users\anash\.m2\repository\org\antlr\antlr-runtime\3.5.2\antlr-runtime-3.5.2.jar;C:\Users\anash\.m2\repository\org\ow2\asm\asm-commons\7.1\asm-commons-7.1.jar;C:\Users\anash\.m2\repository\org\ow2\asm\asm-tree\7.1\asm-tree-7.1.jar;C:\Users\anash\.m2\repository\org\ow2\asm\asm-analysis\7.1\asm-analysis-7.1.jar;C:\Users\anash\.m2\repository\org\ow2\asm\asm-util\7.1\asm-util-7.1.jar;C:\Users\anash\.m2\repository\com\ibm\icu\icu4j\59.1\icu4j-59.1.jar;C:\Users\anash\.m2\repository\com\carrotsearch\java-sizeof\0.0.5\java-sizeof-0.0.5.jar;C:\Users\anash\.m2\repository\com\github\jnr\jffi\1.2.20\jffi-1.2.20.jar;C:\Users\anash\.m2\repository\com\github\jnr\jnr-netdb\1.1.6\jnr-netdb-1.1.6.jar;C:\Users\anash\.m2\repository\com\github\jnr\jnr-ffi\2.1.10\jnr-ffi-2.1.10.jar;C:\Users\anash\.m2\repository\com\github\jnr\jffi\1.2.19\jffi-1.2.19-native.jar;C:\Users\anash\.m2\repository\com\github\jnr\jnr-a64asm\1.0.0\jnr-a64asm-1.0.0.jar;C:\Users\anash\.m2\repository\com\github\jnr\jnr-x86asm\1.0.2\jnr-x86asm-1.0.2.jar;C:\Users\anash\.m2\repository\com\github\jnr\jnr-posix\3.0.50\jnr-posix-3.0.50.jar;C:\Users\anash\.m2\repository\com\github\jnr\jnr-constants\0.9.12\jnr-constants-0.9.12.jar;C:\Users\anash\.m2\repository\jline\jline\2.14.5\jline-2.14.5.jar;C:\Users\anash\.m2\repository\io\netty\netty-buffer\4.1.45.Final\netty-buffer-4.1.45.Final.jar;C:\Users\anash\.m2\repository\io\netty\netty-codec\4.1.45.Final\netty-codec-4.1.45.Final.jar;C:\Users\anash\.m2\repository\io\netty\netty-common\4.1.45.Final\netty-common-4.1.45.Final.jar;C:\Users\anash\.m2\repository\io\netty\netty-handler\4.1.45.Final\netty-handler-4.1.45.Final.jar;C:\Users\anash\.m2\repository\io\netty\netty-resolver\4.1.45.Final\netty-resolver-4.1.45.Final.jar;C:\Users\anash\.m2\repository\io\netty\netty-transport\4.1.45.Final\netty-transport-4.1.45.Final.jar;C:\Users\anash\.m2\repository\org\apache\ant\ant\1.9.7\ant-1.9.7.jar;C:\Users\anash\.m2\repository\org\apache\ant\ant-launcher\1.9.7\ant-launcher-1.9.7.jar;C:\Users\anash\.m2\repository\com\sikulix\sikulix2tigervnc\1.1.4\sikulix2tigervnc-1.1.4.jar;C:\Users\anash\.m2\repository\org\openpnp\opencv\4.3.0-3\opencv-4.3.0-3.jar;C:\Users\anash\.m2\repository\commons-cli\commons-cli\1.4\commons-cli-1.4.jar;C:\Users\anash\.m2\repository\net\java\dev\jna\jna-platform\5.6.0\jna-platform-5.6.0.jar;C:\Users\anash\.m2\repository\net\java\dev\jna\jna\5.6.0\jna-5.6.0.jar;C:\Users\anash\.m2\repository\net\oneandone\reflections8\reflections8\0.11.6\reflections8-0.11.6.jar;C:\Users\anash\.m2\repository\org\javassist\javassist\3.22.0-GA\javassist-3.22.0-GA.jar;C:\Users\anash\.m2\repository\net\sourceforge\tess4j\tess4j\4.5.4\tess4j-4.5.4.jar;C:\Users\anash\.m2\repository\com\github\jai-imageio\jai-imageio-core\1.4.0\jai-imageio-core-1.4.0.jar;C:\Users\anash\.m2\repository\org\ghost4j\ghost4j\1.0.1\ghost4j-1.0.1.jar;C:\Users\anash\.m2\repository\org\apache\xmlgraphics\xmlgraphics-commons\1.4\xmlgraphics-commons-1.4.jar;C:\Users\anash\.m2\repository\com\lowagie\itext\2.1.7\itext-2.1.7.jar;C:\Users\anash\.m2\repository\org\apache\pdfbox\pdfbox\2.0.21\pdfbox-2.0.21.jar;C:\Users\anash\.m2\repository\org\apache\pdfbox\fontbox\2.0.21\fontbox-2.0.21.jar;C:\Users\anash\.m2\repository\commons-logging\commons-logging\1.2\commons-logging-1.2.jar;C:\Users\anash\.m2\repository\org\apache\pdfbox\pdfbox-tools\2.0.21\pdfbox-tools-2.0.21.jar;C:\Users\anash\.m2\repository\org\apache\pdfbox\pdfbox-debugger\2.0.21\pdfbox-debugger-2.0.21.jar;C:\Users\anash\.m2\repository\org\apache\pdfbox\jbig2-imageio\3.0.3\jbig2-imageio-3.0.3.jar;C:\Users\anash\.m2\repository\net\sourceforge\lept4j\lept4j\1.13.2\lept4j-1.13.2.jar;C:\Users\anash\.m2\repository\org\jboss\jboss-vfs\3.2.15.Final\jboss-vfs-3.2.15.Final.jar;C:\Users\anash\.m2\repository\org\jboss\logging\jboss-logging\3.1.4.GA\jboss-logging-3.1.4.GA.jar;C:\Users\anash\.m2\repository\net\sf\py4j\py4j\0.10.9.1\py4j-0.10.9.1.jar;C:\Users\anash\.m2\repository\io\github\bonigarcia\webdrivermanager\4.4.3\webdrivermanager-4.4.3.jar;C:\Users\anash\.m2\repository\org\apache\httpcomponents\client5\httpclient5\5.0.3\httpclient5-5.0.3.jar;C:\Users\anash\.m2\repository\org\apache\httpcomponents\core5\httpcore5\5.0.2\httpcore5-5.0.2.jar;C:\Users\anash\.m2\repository\org\apache\httpcomponents\core5\httpcore5-h2\5.0.2\httpcore5-h2-5.0.2.jar;C:\Users\anash\.m2\repository\org\rauschig\jarchivelib\1.1.0\jarchivelib-1.1.0.jar;C:\Users\anash\.m2\repository\org\jsoup\jsoup\1.13.1\jsoup-1.13.1.jar;C:\Users\anash\.m2\repository\org\apache\poi\poi\5.0.0\poi-5.0.0.jar;C:\Users\anash\.m2\repository\commons-codec\commons-codec\1.15\commons-codec-1.15.jar;C:\Users\anash\.m2\repository\org\apache\commons\commons-collections4\4.4\commons-collections4-4.4.jar;C:\Users\anash\.m2\repository\org\apache\commons\commons-math3\3.6.1\commons-math3-3.6.1.jar;C:\Users\anash\.m2\repository\com\zaxxer\SparseBitSet\1.2\SparseBitSet-1.2.jar;C:\Users\anash\.m2\repository\org\apache\poi\poi-ooxml\5.0.0\poi-ooxml-5.0.0.jar;C:\Users\anash\.m2\repository\org\apache\poi\poi-ooxml-lite\5.0.0\poi-ooxml-lite-5.0.0.jar;C:\Users\anash\.m2\repository\org\apache\xmlbeans\xmlbeans\4.0.0\xmlbeans-4.0.0.jar;C:\Users\anash\.m2\repository\org\apache\commons\commons-compress\1.20\commons-compress-1.20.jar;C:\Users\anash\.m2\repository\com\github\virtuald\curvesapi\1.06\curvesapi-1.06.jar;C:\Users\anash\.m2\repository\org\bouncycastle\bcpkix-jdk15on\1.68\bcpkix-jdk15on-1.68.jar;C:\Users\anash\.m2\repository\org\bouncycastle\bcprov-jdk15on\1.68\bcprov-jdk15on-1.68.jar;C:\Users\anash\.m2\repository\org\apache\santuario\xmlsec\2.2.1\xmlsec-2.2.1.jar;C:\Users\anash\.m2\repository\com\fasterxml\woodstox\woodstox-core\5.2.1\woodstox-core-5.2.1.jar;C:\Users\anash\.m2\repository\org\codehaus\woodstox\stax2-api\4.2\stax2-api-4.2.jar;C:\Users\anash\.m2\repository\jakarta\xml\bind\jakarta.xml.bind-api\2.3.2\jakarta.xml.bind-api-2.3.2.jar;C:\Users\anash\.m2\repository\jakarta\activation\jakarta.activation-api\1.2.1\jakarta.activation-api-1.2.1.jar;C:\Users\anash\.m2\repository\org\apache\xmlgraphics\batik-all\1.13\batik-all-1.13.jar;C:\Users\anash\.m2\repository\org\apache\xmlgraphics\batik-anim\1.13\batik-anim-1.13.jar;C:\Users\anash\.m2\repository\org\apache\xmlgraphics\batik-shared-resources\1.13\batik-shared-resources-1.13.jar;C:\Users\anash\.m2\repository\xml-apis\xml-apis-ext\1.3.04\xml-apis-ext-1.3.04.jar;C:\Users\anash\.m2\repository\org\apache\xmlgraphics\batik-awt-util\1.13\batik-awt-util-1.13.jar;C:\Users\anash\.m2\repository\org\apache\xmlgraphics\batik-bridge\1.13\batik-bridge-1.13.jar;C:\Users\anash\.m2\repository\org\apache\xmlgraphics\batik-codec\1.13\batik-codec-1.13.jar;C:\Users\anash\.m2\repository\org\apache\xmlgraphics\batik-constants\1.13\batik-constants-1.13.jar;C:\Users\anash\.m2\repository\org\apache\xmlgraphics\batik-css\1.13\batik-css-1.13.jar;C:\Users\anash\.m2\repository\org\apache\xmlgraphics\batik-dom\1.13\batik-dom-1.13.jar;C:\Users\anash\.m2\repository\xalan\xalan\2.7.2\xalan-2.7.2.jar;C:\Users\anash\.m2\repository\xalan\serializer\2.7.2\serializer-2.7.2.jar;C:\Users\anash\.m2\repository\org\apache\xmlgraphics\batik-ext\1.13\batik-ext-1.13.jar;C:\Users\anash\.m2\repository\org\apache\xmlgraphics\batik-extension\1.13\batik-extension-1.13.jar;C:\Users\anash\.m2\repository\org\apache\xmlgraphics\batik-gui-util\1.13\batik-gui-util-1.13.jar;C:\Users\anash\.m2\repository\org\apache\xmlgraphics\batik-gvt\1.13\batik-gvt-1.13.jar;C:\Users\anash\.m2\repository\org\apache\xmlgraphics\batik-i18n\1.13\batik-i18n-1.13.jar;C:\Users\anash\.m2\repository\org\apache\xmlgraphics\batik-parser\1.13\batik-parser-1.13.jar;C:\Users\anash\.m2\repository\org\apache\xmlgraphics\batik-rasterizer-ext\1.13\batik-rasterizer-ext-1.13.jar;C:\Users\anash\.m2\repository\org\apache\xmlgraphics\batik-rasterizer\1.13\batik-rasterizer-1.13.jar;C:\Users\anash\.m2\repository\org\apache\xmlgraphics\batik-script\1.13\batik-script-1.13.jar;C:\Users\anash\.m2\repository\org\apache\xmlgraphics\batik-slideshow\1.13\batik-slideshow-1.13.jar;C:\Users\anash\.m2\repository\org\apache\xmlgraphics\batik-squiggle-ext\1.13\batik-squiggle-ext-1.13.jar;C:\Users\anash\.m2\repository\org\apache\xmlgraphics\batik-squiggle\1.13\batik-squiggle-1.13.jar;C:\Users\anash\.m2\repository\org\apache\xmlgraphics\batik-svg-dom\1.13\batik-svg-dom-1.13.jar;C:\Users\anash\.m2\repository\org\apache\xmlgraphics\batik-svgbrowser\1.13\batik-svgbrowser-1.13.jar;C:\Users\anash\.m2\repository\org\apache\xmlgraphics\batik-svggen\1.13\batik-svggen-1.13.jar;C:\Users\anash\.m2\repository\org\apache\xmlgraphics\batik-svgpp\1.13\batik-svgpp-1.13.jar;C:\Users\anash\.m2\repository\org\apache\xmlgraphics\batik-svgrasterizer\1.13\batik-svgrasterizer-1.13.jar;C:\Users\anash\.m2\repository\org\apache\xmlgraphics\batik-swing\1.13\batik-swing-1.13.jar;C:\Users\anash\.m2\repository\org\apache\xmlgraphics\batik-transcoder\1.13\batik-transcoder-1.13.jar;C:\Users\anash\.m2\repository\org\apache\xmlgraphics\batik-util\1.13\batik-util-1.13.jar;C:\Users\anash\.m2\repository\org\apache\xmlgraphics\batik-ttf2svg\1.13\batik-ttf2svg-1.13.jar;C:\Users\anash\.m2\repository\org\apache\xmlgraphics\batik-xml\1.13\batik-xml-1.13.jar;C:\Users\anash\.m2\repository\de\rototor\pdfbox\graphics2d\0.30\graphics2d-0.30.jar;C:\Users\anash\.m2\repository\io\qameta\allure\allure-testng\2.14.0\allure-testng-2.14.0.jar;C:\Users\anash\.m2\repository\io\qameta\allure\allure-java-commons\2.14.0\allure-java-commons-2.14.0.jar;C:\Users\anash\.m2\repository\io\qameta\allure\allure-model\2.14.0\allure-model-2.14.0.jar;C:\Users\anash\.m2\repository\org\apache\tika\tika-core\1.26\tika-core-1.26.jar;C:\Users\anash\.m2\repository\javax\xml\bind\jaxb-api\2.3.1\jaxb-api-2.3.1.jar;C:\Users\anash\.m2\repository\javax\activation\javax.activation-api\1.2.0\javax.activation-api-1.2.0.jar;C:\Users\anash\.m2\repository\javax\activation\activation\1.1.1\activation-1.1.1.jar;C:\Users\anash\.m2\repository\org\jooq\joor-java-8\0.9.14\joor-java-8-0.9.14.jar;C:\Users\anash\.m2\repository\io\qameta\allure\allure-test-filter\2.14.0\allure-test-filter-2.14.0.jar;C:\Users\anash\.m2\repository\org\aspectj\aspectjweaver\1.9.6\aspectjweaver-1.9.6.jar;C:\Users\anash\.m2\repository\com\aventstack\extentreports\5.0.8\extentreports-5.0.8.jar;C:\Users\anash\.m2\repository\io\reactivex\rxjava3\rxjava\3.0.4\rxjava-3.0.4.jar;C:\Users\anash\.m2\repository\org\reactivestreams\reactive-streams\1.0.3\reactive-streams-1.0.3.jar;C:\Users\anash\.m2\repository\org\freemarker\freemarker\2.3.30\freemarker-2.3.30.jar;C:\Users\anash\.m2\repository\org\projectlombok\lombok\1.18.12\lombok-1.18.12.jar;C:\Users\anash\.m2\repository\io\rest-assured\rest-assured\4.4.0\rest-assured-4.4.0.jar;C:\Users\anash\.m2\repository\org\codehaus\groovy\groovy\3.0.8\groovy-3.0.8.jar;C:\Users\anash\.m2\repository\org\codehaus\groovy\groovy-xml\3.0.8\groovy-xml-3.0.8.jar;C:\Users\anash\.m2\repository\org\apache\httpcomponents\httpmime\4.5.13\httpmime-4.5.13.jar;C:\Users\anash\.m2\repository\org\hamcrest\hamcrest\2.1\hamcrest-2.1.jar;C:\Users\anash\.m2\repository\org\ccil\cowan\tagsoup\tagsoup\1.2.1\tagsoup-1.2.1.jar;C:\Users\anash\.m2\repository\io\rest-assured\json-path\4.4.0\json-path-4.4.0.jar;C:\Users\anash\.m2\repository\org\codehaus\groovy\groovy-json\3.0.8\groovy-json-3.0.8.jar;C:\Users\anash\.m2\repository\io\rest-assured\rest-assured-common\4.4.0\rest-assured-common-4.4.0.jar;C:\Users\anash\.m2\repository\io\rest-assured\xml-path\4.4.0\xml-path-4.4.0.jar;C:\Users\anash\.m2\repository\com\sun\xml\bind\jaxb-impl\2.3.3\jaxb-impl-2.3.3.jar;C:\Users\anash\.m2\repository\com\googlecode\json-simple\json-simple\1.1.1\json-simple-1.1.1.jar;C:\Users\anash\.m2\repository\org\skyscreamer\jsonassert\1.5.0\jsonassert-1.5.0.jar;C:\Users\anash\.m2\repository\com\vaadin\external\google\android-json\0.0.20131108.vaadin1\android-json-0.0.20131108.vaadin1.jar;C:\Users\anash\.m2\repository\eu\medsea\mimeutil\mime-util\2.1.3\mime-util-2.1.3.jar;C:\Users\anash\.m2\repository\com\jcraft\jsch\0.1.55\jsch-0.1.55.jar;C:\Users\anash\.m2\repository\mysql\mysql-connector-java\8.0.25\mysql-connector-java-8.0.25.jar;C:\Users\anash\.m2\repository\com\google\protobuf\protobuf-java\3.11.4\protobuf-java-3.11.4.jar;C:\Users\anash\.m2\repository\com\microsoft\sqlserver\mssql-jdbc\9.3.1.jre15-preview\mssql-jdbc-9.3.1.jre15-preview.jar;C:\Users\anash\.m2\repository\postgresql\postgresql\9.1-901-1.jdbc4\postgresql-9.1-901-1.jdbc4.jar;C:\Users\anash\.m2\repository\com\ibm\db2\jcc\db2jcc\db2jcc4\db2jcc-db2jcc4.jar;C:\Users\anash\.m2\repository\io\cucumber\cucumber-java\6.10.4\cucumber-java-6.10.4.jar;C:\Users\anash\.m2\repository\io\cucumber\cucumber-core\6.10.4\cucumber-core-6.10.4.jar;C:\Users\anash\.m2\repository\io\cucumber\cucumber-gherkin\6.10.4\cucumber-gherkin-6.10.4.jar;C:\Users\anash\.m2\repository\io\cucumber\cucumber-gherkin-messages\6.10.4\cucumber-gherkin-messages-6.10.4.jar;C:\Users\anash\.m2\repository\io\cucumber\messages\15.0.0\messages-15.0.0.jar;C:\Users\anash\.m2\repository\io\cucumber\tag-expressions\3.0.1\tag-expressions-3.0.1.jar;C:\Users\anash\.m2\repository\io\cucumber\cucumber-expressions\10.3.0\cucumber-expressions-10.3.0.jar;C:\Users\anash\.m2\repository\io\cucumber\datatable\3.5.0\datatable-3.5.0.jar;C:\Users\anash\.m2\repository\io\cucumber\cucumber-plugin\6.10.4\cucumber-plugin-6.10.4.jar;C:\Users\anash\.m2\repository\io\cucumber\docstring\6.10.4\docstring-6.10.4.jar;C:\Users\anash\.m2\repository\io\cucumber\html-formatter\13.0.0\html-formatter-13.0.0.jar;C:\Users\anash\.m2\repository\io\cucumber\create-meta\4.0.0\create-meta-4.0.0.jar;C:\Users\anash\.m2\repository\org\apiguardian\apiguardian-api\1.1.1\apiguardian-api-1.1.1.jar;C:\Users\anash\.m2\repository\io\cucumber\cucumber-testng\6.10.4\cucumber-testng-6.10.4.jar;C:\Users\anash\.m2\repository\io\cucumber\cucumber-picocontainer\6.10.4\cucumber-picocontainer-6.10.4.jar;C:\Users\anash\.m2\repository\org\picocontainer\picocontainer\2.15\picocontainer-2.15.jar;C:\Users\anash\.m2\repository\ws\schild\jave-all-deps\3.1.1\jave-all-deps-3.1.1.jar;C:\Users\anash\.m2\repository\ws\schild\jave-core\3.1.1\jave-core-3.1.1.jar;C:\Users\anash\.m2\repository\ws\schild\jave-nativebin-win32\3.1.1\jave-nativebin-win32-3.1.1.jar;C:\Users\anash\.m2\repository\ws\schild\jave-nativebin-win64\3.1.1\jave-nativebin-win64-3.1.1.jar;C:\Users\anash\.m2\repository\ws\schild\jave-nativebin-linux32\3.1.1\jave-nativebin-linux32-3.1.1.jar;C:\Users\anash\.m2\repository\ws\schild\jave-nativebin-linux64\3.1.1\jave-nativebin-linux64-3.1.1.jar;C:\Users\anash\.m2\repository\ws\schild\jave-nativebin-osx64\3.1.1\jave-nativebin-osx64-3.1.1.jar;C:\Users\anash\.m2\repository\ws\schild\jave-nativebin-linux-arm32\3.1.1\jave-nativebin-linux-arm32-3.1.1.jar;C:\Users\anash\.m2\repository\ws\schild\jave-nativebin-linux-arm64\3.1.1\jave-nativebin-linux-arm64-3.1.1.jar;C:\Users\anash\.m2\repository\com\automation-remarks\video-recorder-testng\2.0\video-recorder-testng-2.0.jar;C:\Users\anash\.m2\repository\com\automation-remarks\video-recorder-core\2.0\video-recorder-core-2.0.jar;C:\Users\anash\.m2\repository\org\aeonbits\owner\owner-java8\1.0.10\owner-java8-1.0.10.jar;C:\Users\anash\.m2\repository\org\aeonbits\owner\owner\1.0.10\owner-1.0.10.jar;C:\Users\anash\.m2\repository\org\zeroturnaround\zt-exec\1.10\zt-exec-1.10.jar;C:\Users\anash\.m2\repository\org\awaitility\awaitility\3.1.6\awaitility-3.1.6.jar;C:\Users\anash\.m2\repository\org\hamcrest\hamcrest-library\1.3\hamcrest-library-1.3.jar;C:\Users\anash\.m2\repository\org\hamcrest\hamcrest-core\1.3\hamcrest-core-1.3.jar;C:\Users\anash\.m2\repository\org\objenesis\objenesis\2.6\objenesis-2.6.jar;C:\Users\anash\.m2\repository\org\json\json\20180813\json-20180813.jar;C:\Users\anash\.m2\repository\org\slf4j\slf4j-simple\1.7.30\slf4j-simple-1.7.30.jar;C:\Users\anash\.m2\repository\org\slf4j\slf4j-api\1.7.30\slf4j-api-1.7.30.jar;C:\Users\anash\.m2\repository\org\slf4j\log4j-over-slf4j\1.7.30\log4j-over-slf4j-1.7.30.jar;C:\Users\anash\.m2\repository\com\google\guava\guava\30.1.1-jre\guava-30.1.1-jre.jar;C:\Users\anash\.m2\repository\com\google\guava\failureaccess\1.0.1\failureaccess-1.0.1.jar;C:\Users\anash\.m2\repository\com\google\guava\listenablefuture\9999.0-empty-to-avoid-conflict-with-guava\listenablefuture-9999.0-empty-to-avoid-conflict-with-guava.jar;C:\Users\anash\.m2\repository\com\google\code\findbugs\jsr305\3.0.2\jsr305-3.0.2.jar;C:\Users\anash\.m2\repository\org\checkerframework\checker-qual\3.8.0\checker-qual-3.8.0.jar;C:\Users\anash\.m2\repository\com\google\errorprone\error_prone_annotations\2.5.1\error_prone_annotations-2.5.1.jar;C:\Users\anash\.m2\repository\com\google\j2objc\j2objc-annotations\1.3\j2objc-annotations-1.3.jar;"/>
    <property name="org.uncommons.reportng.escape-output" value="false"/>
    <property name="java.vm.vendor" value="Oracle Corporation"/>
    <property name="openAllureReportAfterExecution" value="true"/>
    <property name="allureVersion" value="2.14.0"/>
    <property name="user.variant" value=""/>
    <property name="user.timezone" value="Africa/Cairo"/>
    <property name="downloadsFolderPath" value="target/downloadedFiles/"/>
    <property name="java.vm.specification.version" value="16"/>
    <property name="os.name" value="Windows 10"/>
    <property name="mobile_appActivity" value=""/>
    <property name="forceCheckTextWasTypedCorrectly" value="true"/>
    <property name="databaseQueryTimeout" value="30"/>
    <property name="mobile_app" value=""/>
    <property name="user.country" value="US"/>
    <property name="sun.java.launcher" value="SUN_STANDARD"/>
    <property name="allure.link.issue.pattern" value=""/>
    <property name="surefire.test.class.path" value="C:\Users\anash\Downloads\Selenium Setup\YaSchools-master\YaSchools-master\target\test-classes;C:\Users\anash\Downloads\Selenium Setup\YaSchools-master\YaSchools-master\target\classes;C:\Users\anash\.m2\repository\io\github\mohabmohie\SHAFT_ENGINE\5.3.20210621\SHAFT_ENGINE-5.3.20210621.jar;C:\Users\anash\.m2\repository\org\testng\testng\7.4.0\testng-7.4.0.jar;C:\Users\anash\.m2\repository\com\beust\jcommander\1.78\jcommander-1.78.jar;C:\Users\anash\.m2\repository\org\webjars\jquery\3.5.1\jquery-3.5.1.jar;C:\Users\anash\.m2\repository\org\seleniumhq\selenium\selenium-java\3.141.59\selenium-java-3.141.59.jar;C:\Users\anash\.m2\repository\org\seleniumhq\selenium\selenium-api\3.141.59\selenium-api-3.141.59.jar;C:\Users\anash\.m2\repository\org\seleniumhq\selenium\selenium-chrome-driver\3.141.59\selenium-chrome-driver-3.141.59.jar;C:\Users\anash\.m2\repository\org\seleniumhq\selenium\selenium-edge-driver\3.141.59\selenium-edge-driver-3.141.59.jar;C:\Users\anash\.m2\repository\org\seleniumhq\selenium\selenium-firefox-driver\3.141.59\selenium-firefox-driver-3.141.59.jar;C:\Users\anash\.m2\repository\org\seleniumhq\selenium\selenium-ie-driver\3.141.59\selenium-ie-driver-3.141.59.jar;C:\Users\anash\.m2\repository\org\seleniumhq\selenium\selenium-opera-driver\3.141.59\selenium-opera-driver-3.141.59.jar;C:\Users\anash\.m2\repository\org\seleniumhq\selenium\selenium-remote-driver\3.141.59\selenium-remote-driver-3.141.59.jar;C:\Users\anash\.m2\repository\org\seleniumhq\selenium\selenium-safari-driver\3.141.59\selenium-safari-driver-3.141.59.jar;C:\Users\anash\.m2\repository\org\seleniumhq\selenium\selenium-support\3.141.59\selenium-support-3.141.59.jar;C:\Users\anash\.m2\repository\net\bytebuddy\byte-buddy\1.8.15\byte-buddy-1.8.15.jar;C:\Users\anash\.m2\repository\org\apache\commons\commons-exec\1.3\commons-exec-1.3.jar;C:\Users\anash\.m2\repository\com\squareup\okhttp3\okhttp\3.11.0\okhttp-3.11.0.jar;C:\Users\anash\.m2\repository\com\squareup\okio\okio\1.14.0\okio-1.14.0.jar;C:\Users\anash\.m2\repository\com\microsoft\playwright\playwright\1.12.1\playwright-1.12.1.jar;C:\Users\anash\.m2\repository\com\google\code\gson\gson\2.8.6\gson-2.8.6.jar;C:\Users\anash\.m2\repository\org\java-websocket\Java-WebSocket\1.5.1\Java-WebSocket-1.5.1.jar;C:\Users\anash\.m2\repository\com\microsoft\playwright\driver\1.12.1\driver-1.12.1.jar;C:\Users\anash\.m2\repository\com\microsoft\playwright\driver-bundle\1.12.1\driver-bundle-1.12.1.jar;C:\Users\anash\.m2\repository\io\appium\java-client\7.5.1\java-client-7.5.1.jar;C:\Users\anash\.m2\repository\org\apache\httpcomponents\httpclient\4.5.13\httpclient-4.5.13.jar;C:\Users\anash\.m2\repository\org\apache\httpcomponents\httpcore\4.4.13\httpcore-4.4.13.jar;C:\Users\anash\.m2\repository\cglib\cglib\3.3.0\cglib-3.3.0.jar;C:\Users\anash\.m2\repository\org\ow2\asm\asm\7.1\asm-7.1.jar;C:\Users\anash\.m2\repository\commons-validator\commons-validator\1.7\commons-validator-1.7.jar;C:\Users\anash\.m2\repository\commons-beanutils\commons-beanutils\1.9.4\commons-beanutils-1.9.4.jar;C:\Users\anash\.m2\repository\commons-digester\commons-digester\2.1\commons-digester-2.1.jar;C:\Users\anash\.m2\repository\commons-collections\commons-collections\3.2.2\commons-collections-3.2.2.jar;C:\Users\anash\.m2\repository\org\apache\commons\commons-lang3\3.12.0\commons-lang3-3.12.0.jar;C:\Users\anash\.m2\repository\commons-io\commons-io\2.8.0\commons-io-2.8.0.jar;C:\Users\anash\.m2\repository\org\springframework\spring-context\5.3.4\spring-context-5.3.4.jar;C:\Users\anash\.m2\repository\org\springframework\spring-aop\5.3.4\spring-aop-5.3.4.jar;C:\Users\anash\.m2\repository\org\springframework\spring-beans\5.3.4\spring-beans-5.3.4.jar;C:\Users\anash\.m2\repository\org\springframework\spring-core\5.3.4\spring-core-5.3.4.jar;C:\Users\anash\.m2\repository\org\springframework\spring-jcl\5.3.4\spring-jcl-5.3.4.jar;C:\Users\anash\.m2\repository\org\springframework\spring-expression\5.3.4\spring-expression-5.3.4.jar;C:\Users\anash\.m2\repository\com\applitools\eyes-images-java4\4.14.0\eyes-images-java4-4.14.0.jar;C:\Users\anash\.m2\repository\com\applitools\eyes-common-java4\4.14.0\eyes-common-java4-4.14.0.jar;C:\Users\anash\.m2\repository\org\imgscalr\imgscalr-lib\4.2\imgscalr-lib-4.2.jar;C:\Users\anash\.m2\repository\org\brotli\dec\0.1.1\dec-0.1.1.jar;C:\Users\anash\.m2\repository\com\fasterxml\jackson\core\jackson-databind\2.9.10.1\jackson-databind-2.9.10.1.jar;C:\Users\anash\.m2\repository\com\fasterxml\jackson\core\jackson-annotations\2.9.10\jackson-annotations-2.9.10.jar;C:\Users\anash\.m2\repository\com\fasterxml\jackson\core\jackson-core\2.9.10\jackson-core-2.9.10.jar;C:\Users\anash\.m2\repository\com\helger\ph-css\6.1.1\ph-css-6.1.1.jar;C:\Users\anash\.m2\repository\com\helger\ph-commons\9.0.2\ph-commons-9.0.2.jar;C:\Users\anash\.m2\repository\com\applitools\eyes-sdk-core-java4\4.14.0\eyes-sdk-core-java4-4.14.0.jar;C:\Users\anash\.m2\repository\com\applitools\eyes-connectivity-java4-jersey2x\4.14.0\eyes-connectivity-java4-jersey2x-4.14.0.jar;C:\Users\anash\.m2\repository\org\glassfish\jersey\connectors\jersey-apache-connector\2.16\jersey-apache-connector-2.16.jar;C:\Users\anash\.m2\repository\org\glassfish\jersey\core\jersey-common\2.16\jersey-common-2.16.jar;C:\Users\anash\.m2\repository\javax\annotation\javax.annotation-api\1.2\javax.annotation-api-1.2.jar;C:\Users\anash\.m2\repository\org\glassfish\jersey\bundles\repackaged\jersey-guava\2.16\jersey-guava-2.16.jar;C:\Users\anash\.m2\repository\org\glassfish\hk2\osgi-resource-locator\1.0.1\osgi-resource-locator-1.0.1.jar;C:\Users\anash\.m2\repository\javax\ws\rs\javax.ws.rs-api\2.0.1\javax.ws.rs-api-2.0.1.jar;C:\Users\anash\.m2\repository\org\glassfish\jersey\core\jersey-client\2.16\jersey-client-2.16.jar;C:\Users\anash\.m2\repository\org\glassfish\hk2\hk2-api\2.4.0-b09\hk2-api-2.4.0-b09.jar;C:\Users\anash\.m2\repository\org\glassfish\hk2\hk2-utils\2.4.0-b09\hk2-utils-2.4.0-b09.jar;C:\Users\anash\.m2\repository\org\glassfish\hk2\external\aopalliance-repackaged\2.4.0-b09\aopalliance-repackaged-2.4.0-b09.jar;C:\Users\anash\.m2\repository\org\glassfish\hk2\external\javax.inject\2.4.0-b09\javax.inject-2.4.0-b09.jar;C:\Users\anash\.m2\repository\org\glassfish\hk2\hk2-locator\2.4.0-b09\hk2-locator-2.4.0-b09.jar;C:\Users\anash\.m2\repository\com\sikulix\sikulixapi\2.0.5\sikulixapi-2.0.5.jar;C:\Users\anash\.m2\repository\org\python\jython-slim\2.7.2\jython-slim-2.7.2.jar;C:\Users\anash\.m2\repository\org\antlr\antlr\3.5.2\antlr-3.5.2.jar;C:\Users\anash\.m2\repository\org\antlr\ST4\4.0.8\ST4-4.0.8.jar;C:\Users\anash\.m2\repository\javax\servlet\javax.servlet-api\3.1.0\javax.servlet-api-3.1.0.jar;C:\Users\anash\.m2\repository\org\antlr\antlr-runtime\3.5.2\antlr-runtime-3.5.2.jar;C:\Users\anash\.m2\repository\org\ow2\asm\asm-commons\7.1\asm-commons-7.1.jar;C:\Users\anash\.m2\repository\org\ow2\asm\asm-tree\7.1\asm-tree-7.1.jar;C:\Users\anash\.m2\repository\org\ow2\asm\asm-analysis\7.1\asm-analysis-7.1.jar;C:\Users\anash\.m2\repository\org\ow2\asm\asm-util\7.1\asm-util-7.1.jar;C:\Users\anash\.m2\repository\com\ibm\icu\icu4j\59.1\icu4j-59.1.jar;C:\Users\anash\.m2\repository\com\carrotsearch\java-sizeof\0.0.5\java-sizeof-0.0.5.jar;C:\Users\anash\.m2\repository\com\github\jnr\jffi\1.2.20\jffi-1.2.20.jar;C:\Users\anash\.m2\repository\com\github\jnr\jnr-netdb\1.1.6\jnr-netdb-1.1.6.jar;C:\Users\anash\.m2\repository\com\github\jnr\jnr-ffi\2.1.10\jnr-ffi-2.1.10.jar;C:\Users\anash\.m2\repository\com\github\jnr\jffi\1.2.19\jffi-1.2.19-native.jar;C:\Users\anash\.m2\repository\com\github\jnr\jnr-a64asm\1.0.0\jnr-a64asm-1.0.0.jar;C:\Users\anash\.m2\repository\com\github\jnr\jnr-x86asm\1.0.2\jnr-x86asm-1.0.2.jar;C:\Users\anash\.m2\repository\com\github\jnr\jnr-posix\3.0.50\jnr-posix-3.0.50.jar;C:\Users\anash\.m2\repository\com\github\jnr\jnr-constants\0.9.12\jnr-constants-0.9.12.jar;C:\Users\anash\.m2\repository\jline\jline\2.14.5\jline-2.14.5.jar;C:\Users\anash\.m2\repository\io\netty\netty-buffer\4.1.45.Final\netty-buffer-4.1.45.Final.jar;C:\Users\anash\.m2\repository\io\netty\netty-codec\4.1.45.Final\netty-codec-4.1.45.Final.jar;C:\Users\anash\.m2\repository\io\netty\netty-common\4.1.45.Final\netty-common-4.1.45.Final.jar;C:\Users\anash\.m2\repository\io\netty\netty-handler\4.1.45.Final\netty-handler-4.1.45.Final.jar;C:\Users\anash\.m2\repository\io\netty\netty-resolver\4.1.45.Final\netty-resolver-4.1.45.Final.jar;C:\Users\anash\.m2\repository\io\netty\netty-transport\4.1.45.Final\netty-transport-4.1.45.Final.jar;C:\Users\anash\.m2\repository\org\apache\ant\ant\1.9.7\ant-1.9.7.jar;C:\Users\anash\.m2\repository\org\apache\ant\ant-launcher\1.9.7\ant-launcher-1.9.7.jar;C:\Users\anash\.m2\repository\com\sikulix\sikulix2tigervnc\1.1.4\sikulix2tigervnc-1.1.4.jar;C:\Users\anash\.m2\repository\org\openpnp\opencv\4.3.0-3\opencv-4.3.0-3.jar;C:\Users\anash\.m2\repository\commons-cli\commons-cli\1.4\commons-cli-1.4.jar;C:\Users\anash\.m2\repository\net\java\dev\jna\jna-platform\5.6.0\jna-platform-5.6.0.jar;C:\Users\anash\.m2\repository\net\java\dev\jna\jna\5.6.0\jna-5.6.0.jar;C:\Users\anash\.m2\repository\net\oneandone\reflections8\reflections8\0.11.6\reflections8-0.11.6.jar;C:\Users\anash\.m2\repository\org\javassist\javassist\3.22.0-GA\javassist-3.22.0-GA.jar;C:\Users\anash\.m2\repository\net\sourceforge\tess4j\tess4j\4.5.4\tess4j-4.5.4.jar;C:\Users\anash\.m2\repository\com\github\jai-imageio\jai-imageio-core\1.4.0\jai-imageio-core-1.4.0.jar;C:\Users\anash\.m2\repository\org\ghost4j\ghost4j\1.0.1\ghost4j-1.0.1.jar;C:\Users\anash\.m2\repository\org\apache\xmlgraphics\xmlgraphics-commons\1.4\xmlgraphics-commons-1.4.jar;C:\Users\anash\.m2\repository\com\lowagie\itext\2.1.7\itext-2.1.7.jar;C:\Users\anash\.m2\repository\org\apache\pdfbox\pdfbox\2.0.21\pdfbox-2.0.21.jar;C:\Users\anash\.m2\repository\org\apache\pdfbox\fontbox\2.0.21\fontbox-2.0.21.jar;C:\Users\anash\.m2\repository\commons-logging\commons-logging\1.2\commons-logging-1.2.jar;C:\Users\anash\.m2\repository\org\apache\pdfbox\pdfbox-tools\2.0.21\pdfbox-tools-2.0.21.jar;C:\Users\anash\.m2\repository\org\apache\pdfbox\pdfbox-debugger\2.0.21\pdfbox-debugger-2.0.21.jar;C:\Users\anash\.m2\repository\org\apache\pdfbox\jbig2-imageio\3.0.3\jbig2-imageio-3.0.3.jar;C:\Users\anash\.m2\repository\net\sourceforge\lept4j\lept4j\1.13.2\lept4j-1.13.2.jar;C:\Users\anash\.m2\repository\org\jboss\jboss-vfs\3.2.15.Final\jboss-vfs-3.2.15.Final.jar;C:\Users\anash\.m2\repository\org\jboss\logging\jboss-logging\3.1.4.GA\jboss-logging-3.1.4.GA.jar;C:\Users\anash\.m2\repository\net\sf\py4j\py4j\0.10.9.1\py4j-0.10.9.1.jar;C:\Users\anash\.m2\repository\io\github\bonigarcia\webdrivermanager\4.4.3\webdrivermanager-4.4.3.jar;C:\Users\anash\.m2\repository\org\apache\httpcomponents\client5\httpclient5\5.0.3\httpclient5-5.0.3.jar;C:\Users\anash\.m2\repository\org\apache\httpcomponents\core5\httpcore5\5.0.2\httpcore5-5.0.2.jar;C:\Users\anash\.m2\repository\org\apache\httpcomponents\core5\httpcore5-h2\5.0.2\httpcore5-h2-5.0.2.jar;C:\Users\anash\.m2\repository\org\rauschig\jarchivelib\1.1.0\jarchivelib-1.1.0.jar;C:\Users\anash\.m2\repository\org\jsoup\jsoup\1.13.1\jsoup-1.13.1.jar;C:\Users\anash\.m2\repository\org\apache\poi\poi\5.0.0\poi-5.0.0.jar;C:\Users\anash\.m2\repository\commons-codec\commons-codec\1.15\commons-codec-1.15.jar;C:\Users\anash\.m2\repository\org\apache\commons\commons-collections4\4.4\commons-collections4-4.4.jar;C:\Users\anash\.m2\repository\org\apache\commons\commons-math3\3.6.1\commons-math3-3.6.1.jar;C:\Users\anash\.m2\repository\com\zaxxer\SparseBitSet\1.2\SparseBitSet-1.2.jar;C:\Users\anash\.m2\repository\org\apache\poi\poi-ooxml\5.0.0\poi-ooxml-5.0.0.jar;C:\Users\anash\.m2\repository\org\apache\poi\poi-ooxml-lite\5.0.0\poi-ooxml-lite-5.0.0.jar;C:\Users\anash\.m2\repository\org\apache\xmlbeans\xmlbeans\4.0.0\xmlbeans-4.0.0.jar;C:\Users\anash\.m2\repository\org\apache\commons\commons-compress\1.20\commons-compress-1.20.jar;C:\Users\anash\.m2\repository\com\github\virtuald\curvesapi\1.06\curvesapi-1.06.jar;C:\Users\anash\.m2\repository\org\bouncycastle\bcpkix-jdk15on\1.68\bcpkix-jdk15on-1.68.jar;C:\Users\anash\.m2\repository\org\bouncycastle\bcprov-jdk15on\1.68\bcprov-jdk15on-1.68.jar;C:\Users\anash\.m2\repository\org\apache\santuario\xmlsec\2.2.1\xmlsec-2.2.1.jar;C:\Users\anash\.m2\repository\com\fasterxml\woodstox\woodstox-core\5.2.1\woodstox-core-5.2.1.jar;C:\Users\anash\.m2\repository\org\codehaus\woodstox\stax2-api\4.2\stax2-api-4.2.jar;C:\Users\anash\.m2\repository\jakarta\xml\bind\jakarta.xml.bind-api\2.3.2\jakarta.xml.bind-api-2.3.2.jar;C:\Users\anash\.m2\repository\jakarta\activation\jakarta.activation-api\1.2.1\jakarta.activation-api-1.2.1.jar;C:\Users\anash\.m2\repository\org\apache\xmlgraphics\batik-all\1.13\batik-all-1.13.jar;C:\Users\anash\.m2\repository\org\apache\xmlgraphics\batik-anim\1.13\batik-anim-1.13.jar;C:\Users\anash\.m2\repository\org\apache\xmlgraphics\batik-shared-resources\1.13\batik-shared-resources-1.13.jar;C:\Users\anash\.m2\repository\xml-apis\xml-apis-ext\1.3.04\xml-apis-ext-1.3.04.jar;C:\Users\anash\.m2\repository\org\apache\xmlgraphics\batik-awt-util\1.13\batik-awt-util-1.13.jar;C:\Users\anash\.m2\repository\org\apache\xmlgraphics\batik-bridge\1.13\batik-bridge-1.13.jar;C:\Users\anash\.m2\repository\org\apache\xmlgraphics\batik-codec\1.13\batik-codec-1.13.jar;C:\Users\anash\.m2\repository\org\apache\xmlgraphics\batik-constants\1.13\batik-constants-1.13.jar;C:\Users\anash\.m2\repository\org\apache\xmlgraphics\batik-css\1.13\batik-css-1.13.jar;C:\Users\anash\.m2\repository\org\apache\xmlgraphics\batik-dom\1.13\batik-dom-1.13.jar;C:\Users\anash\.m2\repository\xalan\xalan\2.7.2\xalan-2.7.2.jar;C:\Users\anash\.m2\repository\xalan\serializer\2.7.2\serializer-2.7.2.jar;C:\Users\anash\.m2\repository\org\apache\xmlgraphics\batik-ext\1.13\batik-ext-1.13.jar;C:\Users\anash\.m2\repository\org\apache\xmlgraphics\batik-extension\1.13\batik-extension-1.13.jar;C:\Users\anash\.m2\repository\org\apache\xmlgraphics\batik-gui-util\1.13\batik-gui-util-1.13.jar;C:\Users\anash\.m2\repository\org\apache\xmlgraphics\batik-gvt\1.13\batik-gvt-1.13.jar;C:\Users\anash\.m2\repository\org\apache\xmlgraphics\batik-i18n\1.13\batik-i18n-1.13.jar;C:\Users\anash\.m2\repository\org\apache\xmlgraphics\batik-parser\1.13\batik-parser-1.13.jar;C:\Users\anash\.m2\repository\org\apache\xmlgraphics\batik-rasterizer-ext\1.13\batik-rasterizer-ext-1.13.jar;C:\Users\anash\.m2\repository\org\apache\xmlgraphics\batik-rasterizer\1.13\batik-rasterizer-1.13.jar;C:\Users\anash\.m2\repository\org\apache\xmlgraphics\batik-script\1.13\batik-script-1.13.jar;C:\Users\anash\.m2\repository\org\apache\xmlgraphics\batik-slideshow\1.13\batik-slideshow-1.13.jar;C:\Users\anash\.m2\repository\org\apache\xmlgraphics\batik-squiggle-ext\1.13\batik-squiggle-ext-1.13.jar;C:\Users\anash\.m2\repository\org\apache\xmlgraphics\batik-squiggle\1.13\batik-squiggle-1.13.jar;C:\Users\anash\.m2\repository\org\apache\xmlgraphics\batik-svg-dom\1.13\batik-svg-dom-1.13.jar;C:\Users\anash\.m2\repository\org\apache\xmlgraphics\batik-svgbrowser\1.13\batik-svgbrowser-1.13.jar;C:\Users\anash\.m2\repository\org\apache\xmlgraphics\batik-svggen\1.13\batik-svggen-1.13.jar;C:\Users\anash\.m2\repository\org\apache\xmlgraphics\batik-svgpp\1.13\batik-svgpp-1.13.jar;C:\Users\anash\.m2\repository\org\apache\xmlgraphics\batik-svgrasterizer\1.13\batik-svgrasterizer-1.13.jar;C:\Users\anash\.m2\repository\org\apache\xmlgraphics\batik-swing\1.13\batik-swing-1.13.jar;C:\Users\anash\.m2\repository\org\apache\xmlgraphics\batik-transcoder\1.13\batik-transcoder-1.13.jar;C:\Users\anash\.m2\repository\org\apache\xmlgraphics\batik-util\1.13\batik-util-1.13.jar;C:\Users\anash\.m2\repository\org\apache\xmlgraphics\batik-ttf2svg\1.13\batik-ttf2svg-1.13.jar;C:\Users\anash\.m2\repository\org\apache\xmlgraphics\batik-xml\1.13\batik-xml-1.13.jar;C:\Users\anash\.m2\repository\de\rototor\pdfbox\graphics2d\0.30\graphics2d-0.30.jar;C:\Users\anash\.m2\repository\io\qameta\allure\allure-testng\2.14.0\allure-testng-2.14.0.jar;C:\Users\anash\.m2\repository\io\qameta\allure\allure-java-commons\2.14.0\allure-java-commons-2.14.0.jar;C:\Users\anash\.m2\repository\io\qameta\allure\allure-model\2.14.0\allure-model-2.14.0.jar;C:\Users\anash\.m2\repository\org\apache\tika\tika-core\1.26\tika-core-1.26.jar;C:\Users\anash\.m2\repository\javax\xml\bind\jaxb-api\2.3.1\jaxb-api-2.3.1.jar;C:\Users\anash\.m2\repository\javax\activation\javax.activation-api\1.2.0\javax.activation-api-1.2.0.jar;C:\Users\anash\.m2\repository\javax\activation\activation\1.1.1\activation-1.1.1.jar;C:\Users\anash\.m2\repository\org\jooq\joor-java-8\0.9.14\joor-java-8-0.9.14.jar;C:\Users\anash\.m2\repository\io\qameta\allure\allure-test-filter\2.14.0\allure-test-filter-2.14.0.jar;C:\Users\anash\.m2\repository\org\aspectj\aspectjweaver\1.9.6\aspectjweaver-1.9.6.jar;C:\Users\anash\.m2\repository\com\aventstack\extentreports\5.0.8\extentreports-5.0.8.jar;C:\Users\anash\.m2\repository\io\reactivex\rxjava3\rxjava\3.0.4\rxjava-3.0.4.jar;C:\Users\anash\.m2\repository\org\reactivestreams\reactive-streams\1.0.3\reactive-streams-1.0.3.jar;C:\Users\anash\.m2\repository\org\freemarker\freemarker\2.3.30\freemarker-2.3.30.jar;C:\Users\anash\.m2\repository\org\projectlombok\lombok\1.18.12\lombok-1.18.12.jar;C:\Users\anash\.m2\repository\io\rest-assured\rest-assured\4.4.0\rest-assured-4.4.0.jar;C:\Users\anash\.m2\repository\org\codehaus\groovy\groovy\3.0.8\groovy-3.0.8.jar;C:\Users\anash\.m2\repository\org\codehaus\groovy\groovy-xml\3.0.8\groovy-xml-3.0.8.jar;C:\Users\anash\.m2\repository\org\apache\httpcomponents\httpmime\4.5.13\httpmime-4.5.13.jar;C:\Users\anash\.m2\repository\org\hamcrest\hamcrest\2.1\hamcrest-2.1.jar;C:\Users\anash\.m2\repository\org\ccil\cowan\tagsoup\tagsoup\1.2.1\tagsoup-1.2.1.jar;C:\Users\anash\.m2\repository\io\rest-assured\json-path\4.4.0\json-path-4.4.0.jar;C:\Users\anash\.m2\repository\org\codehaus\groovy\groovy-json\3.0.8\groovy-json-3.0.8.jar;C:\Users\anash\.m2\repository\io\rest-assured\rest-assured-common\4.4.0\rest-assured-common-4.4.0.jar;C:\Users\anash\.m2\repository\io\rest-assured\xml-path\4.4.0\xml-path-4.4.0.jar;C:\Users\anash\.m2\repository\com\sun\xml\bind\jaxb-impl\2.3.3\jaxb-impl-2.3.3.jar;C:\Users\anash\.m2\repository\com\googlecode\json-simple\json-simple\1.1.1\json-simple-1.1.1.jar;C:\Users\anash\.m2\repository\org\skyscreamer\jsonassert\1.5.0\jsonassert-1.5.0.jar;C:\Users\anash\.m2\repository\com\vaadin\external\google\android-json\0.0.20131108.vaadin1\android-json-0.0.20131108.vaadin1.jar;C:\Users\anash\.m2\repository\eu\medsea\mimeutil\mime-util\2.1.3\mime-util-2.1.3.jar;C:\Users\anash\.m2\repository\com\jcraft\jsch\0.1.55\jsch-0.1.55.jar;C:\Users\anash\.m2\repository\mysql\mysql-connector-java\8.0.25\mysql-connector-java-8.0.25.jar;C:\Users\anash\.m2\repository\com\google\protobuf\protobuf-java\3.11.4\protobuf-java-3.11.4.jar;C:\Users\anash\.m2\repository\com\microsoft\sqlserver\mssql-jdbc\9.3.1.jre15-preview\mssql-jdbc-9.3.1.jre15-preview.jar;C:\Users\anash\.m2\repository\postgresql\postgresql\9.1-901-1.jdbc4\postgresql-9.1-901-1.jdbc4.jar;C:\Users\anash\.m2\repository\com\ibm\db2\jcc\db2jcc\db2jcc4\db2jcc-db2jcc4.jar;C:\Users\anash\.m2\repository\io\cucumber\cucumber-java\6.10.4\cucumber-java-6.10.4.jar;C:\Users\anash\.m2\repository\io\cucumber\cucumber-core\6.10.4\cucumber-core-6.10.4.jar;C:\Users\anash\.m2\repository\io\cucumber\cucumber-gherkin\6.10.4\cucumber-gherkin-6.10.4.jar;C:\Users\anash\.m2\repository\io\cucumber\cucumber-gherkin-messages\6.10.4\cucumber-gherkin-messages-6.10.4.jar;C:\Users\anash\.m2\repository\io\cucumber\messages\15.0.0\messages-15.0.0.jar;C:\Users\anash\.m2\repository\io\cucumber\tag-expressions\3.0.1\tag-expressions-3.0.1.jar;C:\Users\anash\.m2\repository\io\cucumber\cucumber-expressions\10.3.0\cucumber-expressions-10.3.0.jar;C:\Users\anash\.m2\repository\io\cucumber\datatable\3.5.0\datatable-3.5.0.jar;C:\Users\anash\.m2\repository\io\cucumber\cucumber-plugin\6.10.4\cucumber-plugin-6.10.4.jar;C:\Users\anash\.m2\repository\io\cucumber\docstring\6.10.4\docstring-6.10.4.jar;C:\Users\anash\.m2\repository\io\cucumber\html-formatter\13.0.0\html-formatter-13.0.0.jar;C:\Users\anash\.m2\repository\io\cucumber\create-meta\4.0.0\create-meta-4.0.0.jar;C:\Users\anash\.m2\repository\org\apiguardian\apiguardian-api\1.1.1\apiguardian-api-1.1.1.jar;C:\Users\anash\.m2\repository\io\cucumber\cucumber-testng\6.10.4\cucumber-testng-6.10.4.jar;C:\Users\anash\.m2\repository\io\cucumber\cucumber-picocontainer\6.10.4\cucumber-picocontainer-6.10.4.jar;C:\Users\anash\.m2\repository\org\picocontainer\picocontainer\2.15\picocontainer-2.15.jar;C:\Users\anash\.m2\repository\ws\schild\jave-all-deps\3.1.1\jave-all-deps-3.1.1.jar;C:\Users\anash\.m2\repository\ws\schild\jave-core\3.1.1\jave-core-3.1.1.jar;C:\Users\anash\.m2\repository\ws\schild\jave-nativebin-win32\3.1.1\jave-nativebin-win32-3.1.1.jar;C:\Users\anash\.m2\repository\ws\schild\jave-nativebin-win64\3.1.1\jave-nativebin-win64-3.1.1.jar;C:\Users\anash\.m2\repository\ws\schild\jave-nativebin-linux32\3.1.1\jave-nativebin-linux32-3.1.1.jar;C:\Users\anash\.m2\repository\ws\schild\jave-nativebin-linux64\3.1.1\jave-nativebin-linux64-3.1.1.jar;C:\Users\anash\.m2\repository\ws\schild\jave-nativebin-osx64\3.1.1\jave-nativebin-osx64-3.1.1.jar;C:\Users\anash\.m2\repository\ws\schild\jave-nativebin-linux-arm32\3.1.1\jave-nativebin-linux-arm32-3.1.1.jar;C:\Users\anash\.m2\repository\ws\schild\jave-nativebin-linux-arm64\3.1.1\jave-nativebin-linux-arm64-3.1.1.jar;C:\Users\anash\.m2\repository\com\automation-remarks\video-recorder-testng\2.0\video-recorder-testng-2.0.jar;C:\Users\anash\.m2\repository\com\automation-remarks\video-recorder-core\2.0\video-recorder-core-2.0.jar;C:\Users\anash\.m2\repository\org\aeonbits\owner\owner-java8\1.0.10\owner-java8-1.0.10.jar;C:\Users\anash\.m2\repository\org\aeonbits\owner\owner\1.0.10\owner-1.0.10.jar;C:\Users\anash\.m2\repository\org\zeroturnaround\zt-exec\1.10\zt-exec-1.10.jar;C:\Users\anash\.m2\repository\org\awaitility\awaitility\3.1.6\awaitility-3.1.6.jar;C:\Users\anash\.m2\repository\org\hamcrest\hamcrest-library\1.3\hamcrest-library-1.3.jar;C:\Users\anash\.m2\repository\org\hamcrest\hamcrest-core\1.3\hamcrest-core-1.3.jar;C:\Users\anash\.m2\repository\org\objenesis\objenesis\2.6\objenesis-2.6.jar;C:\Users\anash\.m2\repository\org\json\json\20180813\json-20180813.jar;C:\Users\anash\.m2\repository\org\slf4j\slf4j-simple\1.7.30\slf4j-simple-1.7.30.jar;C:\Users\anash\.m2\repository\org\slf4j\slf4j-api\1.7.30\slf4j-api-1.7.30.jar;C:\Users\anash\.m2\repository\org\slf4j\log4j-over-slf4j\1.7.30\log4j-over-slf4j-1.7.30.jar;C:\Users\anash\.m2\repository\com\google\guava\guava\30.1.1-jre\guava-30.1.1-jre.jar;C:\Users\anash\.m2\repository\com\google\guava\failureaccess\1.0.1\failureaccess-1.0.1.jar;C:\Users\anash\.m2\repository\com\google\guava\listenablefuture\9999.0-empty-to-avoid-conflict-with-guava\listenablefuture-9999.0-empty-to-avoid-conflict-with-guava.jar;C:\Users\anash\.m2\repository\com\google\code\findbugs\jsr305\3.0.2\jsr305-3.0.2.jar;C:\Users\anash\.m2\repository\org\checkerframework\checker-qual\3.8.0\checker-qual-3.8.0.jar;C:\Users\anash\.m2\repository\com\google\errorprone\error_prone_annotations\2.5.1\error_prone_annotations-2.5.1.jar;C:\Users\anash\.m2\repository\com\google\j2objc\j2objc-annotations\1.3\j2objc-annotations-1.3.jar;"/>
    <property name="apiSocketTimeout" value="30"/>
    <property name="sun.cpu.endian" value="little"/>
    <property name="user.home" value="C:\Users\anash"/>
    <property name="mobile_automationName" value="Appium"/>
    <property name="user.language" value="en"/>
    <property name="recordVideo" value="false"/>
    <property name="setThreadCount" value="1"/>
    <property name="allure.link.tms.pattern" value=""/>
    <property name="setGroupByInstances" value="true"/>
    <property name="mobile_platformVersion" value=""/>
    <property name="createAnimatedGif" value="true"/>
    <property name="screenshotParams_screenshotType" value="Regular"/>
    <property name="debugMode" value="false"/>
    <property name="surefire.real.class.path" value="C:\Users\anash\AppData\Local\Temp\surefire5500063107289391594\surefirebooter4823971688076301894.jar"/>
    <property name="shellSessionTimeout" value="30"/>
    <property name="applitoolsApiKey" value=""/>
    <property name="cucumber.plugin" value="pretty, html:allure-results/cucumberReport.html, com.shaft.tools.listeners.CucumberFeatureListener"/>
    <property name="jsonFolderPath" value="src/test/resources/TestJsonFiles/"/>
    <property name="path.separator" value=";"/>
    <property name="screenshotParams_skippedElementsFromScreenshot" value=""/>
    <property name="os.version" value="10.0"/>
    <property name="java.runtime.name" value="Java(TM) SE Runtime Environment"/>
    <property name="pageLoadTimeout" value="30"/>
    <property name="mobile_udid" value=""/>
    <property name="screenshotParams_highlightMethod" value="AI"/>
    <property name="generateExtentReports" value="true"/>
    <property name="aiPoweredSelfHealingElementIdentification" value="false"/>
    <property name="java.vm.name" value="Java HotSpot(TM) 64-Bit Server VM"/>
    <property name="apiConnectionTimeout" value="30"/>
    <property name="java.vendor.url.bug" value="https://bugreport.java.com/bugreport/"/>
    <property name="animatedGif_frameDelay" value="500"/>
    <property name="cucumber.filter.tags" value=""/>
    <property name="user.dir" value="C:\Users\anash\Downloads\Selenium Setup\YaSchools-master\YaSchools-master"/>
    <property name="forceCheckElementLocatorIsUnique" value="true"/>
    <property name="os.arch" value="amd64"/>
    <property name="setVerbose" value="1"/>
    <property name="customDriverPath" value=""/>
    <property name="setParallel" value="NONE"/>
    <property name="video.mode" value="ALL"/>
    <property name="mobile_deviceName" value=""/>
    <property name="setDataProviderThreadCount" value="1"/>
    <property name="java.vm.info" value="mixed mode, sharing"/>
    <property name="java.vm.version" value="16.0.2+7-67"/>
    <property name="cucumber.glue" value="com.shaft.cucumber"/>
    <property name="java.class.version" value="60.0"/>
    <property name="video.folder" value="allure-results/videos"/>
  </properties>
  <testcase name="userCanLoginWithValidData" classname="tests.LoginTest" time="17.186">
    <system-out><![CDATA[
################################################################################################################################################
Detected SHAFT Engine Version: [SHAFT Engine v5.3.20210519]
################################################################################################################################################

################################################################################################################################################
Starting Execution of a Configuration (Setup or Teardown) Method
Test Method:		[tests.LoginTest.startDriver]
################################################################################################################################################

################################################################################################################################################
Starting Execution:	[1 out of 2] test cases in the current suite
Test Method:		[tests.LoginTest.userCanLoginWithValidData]
################################################################################################################################################
[ReportManager] Element Action [IsElementDisplayed] successfully performed. @05-09-2021 11:32:14.0391 AM
[ReportManager] Element Action [Click] successfully performed. @05-09-2021 11:32:15.0765 AM
[ReportManager] Element Action [Click] successfully performed. With the following test data [سجل الدخول]. @05-09-2021 11:32:18.0277 AM
[ReportManager] Successfully created attachment [Animated Gif - userCanLoginWithValidData] @05-09-2021 11:32:23.0950 AM
[ReportManager] Successfully created attachment [SHAFT Engine Logs - Current Method log: userCanLoginWithValidData] @05-09-2021 11:32:23.0953 AM
]]></system-out>
    <system-err><![CDATA[[main] INFO com.shaft.tools.io.ReportManagerHelper - [ReportManager] File Action [DoesFileExist] successfully performed. With the following test data [File Path: "src/test/resources/Properties/internal.properties"]. @05-09-2021 11:31:54.0691 AM
[main] INFO com.shaft.tools.io.ReportManagerHelper - [ReportManager] Reading properties directory: src/test/resources/Properties @05-09-2021 11:31:54.0700 AM
[main] INFO com.shaft.tools.io.ReportManagerHelper - [ReportManager] File Action [DoesFileExist] successfully performed. With the following test data [File Path: "src/test/resources/Properties"]. @05-09-2021 11:31:54.0701 AM
[main] INFO com.shaft.tools.io.ReportManagerHelper - [ReportManager] Loading properties file: src\test\resources\Properties\cucumber.properties @05-09-2021 11:31:54.0744 AM
[main] INFO com.shaft.tools.io.ReportManagerHelper - [ReportManager] Loading properties file: src\test\resources\Properties\ExecutionPlatform.properties @05-09-2021 11:31:54.0745 AM
[main] INFO com.shaft.tools.io.ReportManagerHelper - [ReportManager] Loading properties file: src\test\resources\Properties\MobileCapabilities.properties @05-09-2021 11:31:54.0747 AM
[main] INFO com.shaft.tools.io.ReportManagerHelper - [ReportManager] Loading properties file: src\test\resources\Properties\path.properties @05-09-2021 11:31:54.0749 AM
[main] INFO com.shaft.tools.io.ReportManagerHelper - [ReportManager] Loading properties file: src\test\resources\Properties\pattern.properties @05-09-2021 11:31:54.0750 AM
[main] INFO com.shaft.tools.io.ReportManagerHelper - [ReportManager] Loading properties file: src\test\resources\Properties\PlatformFlags.properties @05-09-2021 11:31:54.0752 AM
[main] INFO com.shaft.tools.io.ReportManagerHelper - [ReportManager] Loading properties file: src\test\resources\Properties\Reporting.properties @05-09-2021 11:31:54.0753 AM
[main] INFO com.shaft.tools.io.ReportManagerHelper - [ReportManager] Loading properties file: src\test\resources\Properties\testNG.properties @05-09-2021 11:31:54.0754 AM
[main] INFO com.shaft.tools.io.ReportManagerHelper - [ReportManager] Loading properties file: src\test\resources\Properties\Timeouts.properties @05-09-2021 11:31:54.0755 AM
[main] INFO com.shaft.tools.io.ReportManagerHelper - [ReportManager] Loading properties file: src\test\resources\Properties\video.properties @05-09-2021 11:31:54.0756 AM
[main] INFO com.shaft.tools.io.ReportManagerHelper - [ReportManager] Loading properties file: src\test\resources\Properties\VisualValidations.properties @05-09-2021 11:31:54.0757 AM
[main] INFO com.shaft.tools.io.ReportManagerHelper - [ReportManager] Reading properties directory: file:/C:/Users/anash/.m2/repository/io/github/mohabmohie/SHAFT_ENGINE/5.3.20210621/SHAFT_ENGINE-5.3.20210621.jar!/resources/defaultProperties/ @05-09-2021 11:31:54.0759 AM
[main] INFO com.shaft.tools.io.ReportManagerHelper - [ReportManager] File Action [UnpackArchive] successfully performed. With the following test data [Target File"C:\Users\anash\Downloads\Selenium Setup\YaSchools-master\YaSchools-master\target\arc4601892247872288061.zip" | Destination Folder: "target"]. @05-09-2021 11:31:54.0895 AM
[main] INFO com.shaft.tools.io.ReportManagerHelper - [ReportManager] File Action [DeleteFile] successfully performed. With the following test data [Target File Path: "C:\Users\anash\Downloads\Selenium Setup\YaSchools-master\YaSchools-master\target\arc4601892247872288061.zip"]. @05-09-2021 11:31:54.0897 AM
[main] INFO com.shaft.tools.io.ReportManagerHelper - [ReportManager] File Action [UnpackArchive] successfully performed. With the following test data [Target URL"file:/C:/Users/anash/.m2/repository/io/github/mohabmohie/SHAFT_ENGINE/5.3.20210621/SHAFT_ENGINE-5.3.20210621.jar" | Destination Folder: "target/"]. @05-09-2021 11:31:54.0898 AM
[main] INFO com.shaft.tools.io.ReportManagerHelper - [ReportManager] File Action [DoesFileExist] successfully performed. With the following test data [File Path: "target/resources/defaultProperties/"]. @05-09-2021 11:31:54.0899 AM
[main] INFO com.shaft.tools.io.ReportManagerHelper - [ReportManager] Loading properties file: target\resources\defaultProperties\cucumber.properties @05-09-2021 11:31:54.0902 AM
[main] INFO com.shaft.tools.io.ReportManagerHelper - [ReportManager] Loading properties file: target\resources\defaultProperties\ExecutionPlatform.properties @05-09-2021 11:31:54.0903 AM
[main] INFO com.shaft.tools.io.ReportManagerHelper - [ReportManager] Loading properties file: target\resources\defaultProperties\internal.properties @05-09-2021 11:31:54.0904 AM
[main] INFO com.shaft.tools.io.ReportManagerHelper - [ReportManager] Loading properties file: target\resources\defaultProperties\MobileCapabilities.properties @05-09-2021 11:31:54.0905 AM
[main] INFO com.shaft.tools.io.ReportManagerHelper - [ReportManager] Loading properties file: target\resources\defaultProperties\path.properties @05-09-2021 11:31:54.0907 AM
[main] INFO com.shaft.tools.io.ReportManagerHelper - [ReportManager] Loading properties file: target\resources\defaultProperties\pattern.properties @05-09-2021 11:31:54.0908 AM
[main] INFO com.shaft.tools.io.ReportManagerHelper - [ReportManager] Loading properties file: target\resources\defaultProperties\PlatformFlags.properties @05-09-2021 11:31:54.0909 AM
[main] INFO com.shaft.tools.io.ReportManagerHelper - [ReportManager] Loading properties file: target\resources\defaultProperties\Reporting.properties @05-09-2021 11:31:54.0910 AM
[main] INFO com.shaft.tools.io.ReportManagerHelper - [ReportManager] Loading properties file: target\resources\defaultProperties\testNG.properties @05-09-2021 11:31:54.0912 AM
[main] INFO com.shaft.tools.io.ReportManagerHelper - [ReportManager] Loading properties file: target\resources\defaultProperties\Timeouts.properties @05-09-2021 11:31:54.0913 AM
[main] INFO com.shaft.tools.io.ReportManagerHelper - [ReportManager] Loading properties file: target\resources\defaultProperties\video.properties @05-09-2021 11:31:54.0914 AM
[main] INFO com.shaft.tools.io.ReportManagerHelper - [ReportManager] Loading properties file: target\resources\defaultProperties\VisualValidations.properties @05-09-2021 11:31:54.0916 AM
[main] INFO com.shaft.tools.io.ReportManagerHelper - [ReportManager] File Action [DoesFileExist] successfully performed. With the following test data [File Path: "src/test/resources/Properties/ExecutionPlatform.properties"]. @05-09-2021 11:31:55.0355 AM
[main] INFO com.shaft.tools.io.ReportManagerHelper - [ReportManager] File Action [DeleteFolder] successfully performed. With the following test data [Target Folder: "extent-reports"]. @05-09-2021 11:31:55.0384 AM
[main] INFO com.shaft.tools.io.ReportManagerHelper - [ReportManager] Preparing Allure Reporting Environment... @05-09-2021 11:31:56.0952 AM
[main] INFO com.shaft.tools.io.ReportManagerHelper - [ReportManager] File Action [DeleteFolder] successfully performed. With the following test data [Target Folder: "allure-results"]. @05-09-2021 11:31:56.0968 AM
[main] INFO com.shaft.tools.io.ReportManagerHelper - [ReportManager] File Action [DoesFileExist] successfully performed. With the following test data [File Path: "C:\Users\anash\.m2\repository\allure\allure-2.14.0\bin\allure"]. @05-09-2021 11:31:56.0974 AM
[main] INFO com.shaft.tools.io.ReportManagerHelper - [ReportManager] File Action [GetAbsolutePath] successfully performed. With the following test data [Relative File Path: "generate_allure_report.bat"]. @05-09-2021 11:31:56.0976 AM
[main] INFO com.shaft.tools.io.ReportManagerHelper - [ReportManager] File Action [WriteToFile] successfully performed. With the following test data [Target File Path: "C:\Users\anash\Downloads\Selenium Setup\YaSchools-master\YaSchools-master\generate_allure_report.bat"]. @05-09-2021 11:31:56.0984 AM
[main] INFO com.shaft.tools.io.ReportManagerHelper - [ReportManager] File Action [GetAbsolutePath] successfully performed. With the following test data [Relative File Path: "allure-results/environment.xml"]. @05-09-2021 11:31:57.0179 AM
[main] INFO com.shaft.tools.io.ReportManagerHelper - [ReportManager] File Action [WriteToFile] successfully performed. With the following test data [Target File Path: "C:\Users\anash\Downloads\Selenium Setup\YaSchools-master\YaSchools-master\allure-results\environment.xml"]. @05-09-2021 11:31:57.0192 AM
Starting ChromeDriver 92.0.4515.43 (8c61b7e2989f2990d42f859cac71319137787cce-refs/branch-heads/4515@{#306}) on port 24141
Only local connections are allowed.
Please see https://chromedriver.chromium.org/security-considerations for suggestions on keeping ChromeDriver safe.
ChromeDriver was started successfully.
Sep 05, 2021 11:31:59 AM org.openqa.selenium.remote.ProtocolHandshake createSession
INFO: Detected dialect: W3C
[main] INFO com.shaft.tools.io.ReportManagerHelper - [ReportManager] File Action [CreateFile] successfully performed. With the following test data [Target Folder: "allure-results//screenshots/20210905-113155", Target File: "\1630834333209_userCanLoginWithValidData.gif"]. @05-09-2021 11:32:13.0731 AM
]]></system-err>
  </testcase>
  <testcase name="parentCanMakePotentailBookingRequest" classname="tests.PotentialBookingTest" time="22.435">
    <system-out><![CDATA[
################################################################################################################################################
Starting Execution of a Configuration (Setup or Teardown) Method
Test Method:		[tests.LoginTest.takeScreenshotOnFailure]
################################################################################################################################################

################################################################################################################################################
Starting Execution:	[2 out of 2] test cases in the current suite
Test Method:		[tests.PotentialBookingTest.parentCanMakePotentailBookingRequest]
################################################################################################################################################
[ReportManager] Element Action [Click] successfully performed. With the following test data [عرض صفحة المدرسة]. @05-09-2021 11:32:29.0540 AM
[ReportManager] Element Action [Click] successfully performed. With the following test data [احجز الان جديد]. @05-09-2021 11:32:34.0117 AM
[ReportManager] Element Action [IsElementDisplayed] successfully performed. @05-09-2021 11:32:35.0102 AM
[ReportManager] Element Action [IsElementClickable] successfully performed. @05-09-2021 11:32:35.0502 AM
[ReportManager] Element Action [Click] successfully performed. With the following test data [اسم الطالب]. @05-09-2021 11:32:36.0642 AM
[ReportManager] Element Action [IsElementDisplayed] successfully performed. @05-09-2021 11:32:37.0000 AM
[ReportManager] Element Action [IsElementClickable] successfully performed. @05-09-2021 11:32:37.0382 AM
[ReportManager] Element Action [Click] successfully performed. With the following test data [anooos]. @05-09-2021 11:32:38.0956 AM
[ReportManager] Element Action [Click] successfully performed. With the following test data [1]. @05-09-2021 11:32:41.0089 AM
[ReportManager] Element Action [Click] successfully performed. With the following test data [متابعة]. @05-09-2021 11:32:42.0084 AM
[ReportManager] Element Action [GetText] successfully performed. With the following test data [تم إرسال طلب الحجز بنجاح]. @05-09-2021 11:32:46.0780 AM
[ReportManager] Successfully created attachment [Animated Gif - parentCanMakePotentailBookingRequest] @05-09-2021 11:32:46.0787 AM
[ReportManager] Successfully created attachment [SHAFT Engine Logs - Current Method log: parentCanMakePotentailBookingRequest] @05-09-2021 11:32:46.0790 AM
]]></system-out>
    <system-err><![CDATA[[main] INFO com.shaft.tools.io.ReportManagerHelper - [ReportManager] File Action [CreateFile] successfully performed. With the following test data [Target Folder: "allure-results//screenshots/20210905-113155", Target File: "\1630834345701_parentCanMakePotentailBookingRequest.gif"]. @05-09-2021 11:32:25.0746 AM
]]></system-err>
  </testcase>
</testsuite>