<?xml version="1.0" encoding="UTF-8"?>
<!-- Generated by org.testng.reporters.JUnitReportReporter -->
<testsuite hostname="DESKTOP-Q6V2744" failures="0" tests="1" name="tests.RegisterationTest" time="24.581" errors="0" timestamp="2021-08-03T09:25:16 EET" skipped="0">
  <testcase classname="tests.RegisterationTest" name="userRegisterWithValidInput" time="24.581"/>
  <system-out/>
</testsuite> <!-- tests.RegisterationTest -->
