<?xml version="1.0" encoding="UTF-8"?>
<!-- Generated by org.testng.reporters.JUnitReportReporter -->
<testsuite hostname="DESKTOP-Q6V2744" failures="0" tests="1" name="tests.OnlineBookingTest" time="36.611" errors="0" timestamp="2021-08-04T22:54:59 EET" skipped="0">
  <testcase classname="tests.OnlineBookingTest" name="parentCanUseOnlineBooking" time="36.611"/>
  <system-out/>
</testsuite> <!-- tests.OnlineBookingTest -->
