<?xml version="1.0" encoding="UTF-8"?>
<!-- Generated by org.testng.reporters.JUnitReportReporter -->
<testsuite hostname="anas-Lenovo-G50-70" failures="0" tests="6" name="tests.RegisterationWithInvalidDataTest" time="14.990" errors="0" timestamp="2021-06-25T08:54:05 EET" skipped="0">
  <testcase classname="tests.RegisterationWithInvalidDataTest" name="userRegisterWithExistEmail" time="2.681"/>
  <system-out/>
  <testcase classname="tests.RegisterationWithInvalidDataTest" name="userRegisterWithInValidEmail" time="2.513"/>
  <system-out/>
  <testcase classname="tests.RegisterationWithInvalidDataTest" name="userRegisterWithInvalidName" time="2.474"/>
  <system-out/>
  <testcase classname="tests.RegisterationWithInvalidDataTest" name="userRegisterWithEmptyName" time="2.410"/>
  <system-out/>
  <testcase classname="tests.RegisterationWithInvalidDataTest" name="userRegisterWithShortPassword" time="2.533"/>
  <system-out/>
  <testcase classname="tests.RegisterationWithInvalidDataTest" name="userRegisterWithEmptyPassword" time="2.379"/>
  <system-out/>
</testsuite> <!-- tests.RegisterationWithInvalidDataTest -->
