<?xml version="1.0" encoding="UTF-8"?>
<!-- Generated by org.testng.reporters.JUnitReportReporter -->
<testsuite hostname="anas-Lenovo-G50-70" failures="0" tests="6" name="tests.TeacherLoginWithInvalidData" time="16.027" errors="0" timestamp="2021-06-25T08:54:05 EET" skipped="0">
  <testcase classname="tests.TeacherLoginWithInvalidData" name="teacherCannotLoginWithInvaildEmailAndInValidPassword" time="3.029"/>
  <system-out/>
  <testcase classname="tests.TeacherLoginWithInvalidData" name="passwordFieldIsRequired" time="2.508"/>
  <system-out/>
  <testcase classname="tests.TeacherLoginWithInvalidData" name="emailFieldIsRequired" time="2.416"/>
  <system-out/>
  <testcase classname="tests.TeacherLoginWithInvalidData" name="teacherCannotLoginWithWrongEmail" time="2.467"/>
  <system-out/>
  <testcase classname="tests.TeacherLoginWithInvalidData" name="teacherCannotLoginWithInValidEmail" time="2.581"/>
  <system-out/>
  <testcase classname="tests.TeacherLoginWithInvalidData" name="teacherCannotLoginWithInValidPassword" time="3.026"/>
  <system-out/>
</testsuite> <!-- tests.TeacherLoginWithInvalidData -->
