<?xml version="1.0" encoding="UTF-8"?>
<!-- Generated by org.testng.reporters.JUnitReportReporter -->
<testsuite hostname="anas-Lenovo-G50-70" failures="0" tests="6" name="tests.TeacherRegisterWithInvalidData" time="20.426" errors="0" timestamp="2021-06-25T08:54:05 EET" skipped="0">
  <testcase classname="tests.TeacherRegisterWithInvalidData" name="teacherRegisterWithExistEmail" time="3.362"/>
  <system-out/>
  <testcase classname="tests.TeacherRegisterWithInvalidData" name="teacherRegisterWithInValidEmail" time="3.343"/>
  <system-out/>
  <testcase classname="tests.TeacherRegisterWithInvalidData" name="teacherRegisterWithInvalidName" time="3.706"/>
  <system-out/>
  <testcase classname="tests.TeacherRegisterWithInvalidData" name="teacherRegisterWithEmptyName" time="3.147"/>
  <system-out/>
  <testcase classname="tests.TeacherRegisterWithInvalidData" name="teacherRegisterWithShortPassword" time="3.719"/>
  <system-out/>
  <testcase classname="tests.TeacherRegisterWithInvalidData" name="teacherRegisterWithEmptyPassword" time="3.149"/>
  <system-out/>
</testsuite> <!-- tests.TeacherRegisterWithInvalidData -->
