<?xml version="1.0" encoding="UTF-8"?>
<!-- Generated by org.testng.reporters.JUnitReportReporter -->
<testsuite hostname="anas-Lenovo-G50-70" failures="0" tests="2" name="tests.TeacherRegisterationTest" time="8.435" errors="0" timestamp="2021-06-25T08:54:05 EET" skipped="0">
  <testcase classname="tests.TeacherRegisterationTest" name="teacherRegisterWithValidInput" time="5.223"/>
  <system-out/>
  <testcase classname="tests.TeacherRegisterationTest" name="teacherLoginWithValidInput" time="3.212"/>
  <system-out/>
</testsuite> <!-- tests.TeacherRegisterationTest -->
