<?xml version="1.0" encoding="UTF-8"?>
<!-- Generated by org.testng.reporters.JUnitReportReporter -->
<testsuite hostname="anas-Lenovo-G50-70" failures="0" tests="6" name="tests.LoginWithInvalidDataTest" time="13.668" errors="0" timestamp="2021-06-25T08:54:05 EET" skipped="0">
  <testcase classname="tests.LoginWithInvalidDataTest" name="userCannotLoginWithInvaildEmailAndInValidPassword" time="2.557"/>
  <system-out/>
  <testcase classname="tests.LoginWithInvalidDataTest" name="passwordFieldIsRequired" time="2.064"/>
  <system-out/>
  <testcase classname="tests.LoginWithInvalidDataTest" name="userCannotLoginWithInValidPassword" time="3.107"/>
  <system-out/>
  <testcase classname="tests.LoginWithInvalidDataTest" name="userCannotLoginWithWrongEmail" time="2.056"/>
  <system-out/>
  <testcase classname="tests.LoginWithInvalidDataTest" name="userCannotLoginWithInValidEmail" time="2.007"/>
  <system-out/>
  <testcase classname="tests.LoginWithInvalidDataTest" name="emailFieldIsRequired" time="1.877"/>
  <system-out/>
</testsuite> <!-- tests.LoginWithInvalidDataTest -->
